<?xml version="1.0" encoding="UTF-8"?>
<!-- Generated by org.testng.reporters.JUnitXMLReporter -->
<testsuite ignored="3" hostname="DESKTOP-QAMDQO9" failures="0" tests="1" name="Default test" time="11.782" errors="0" timestamp="2022-12-29T01:39:10 EST">
  <testcase classname="test.HomePageTest" name="clickLearningTest" time="3.326"/>
  <testcase classname="test.HomePageTest" name="clickLoginButtonTest" time="0.0">
    <ignored/>
  </testcase> <!-- clickLoginButtonTest -->
  <testcase classname="test.HomePageTest" name="clickForgotUserName" time="0.0">
    <ignored/>
  </testcase> <!-- clickForgotUserName -->
  <testcase classname="test.HomePageTest" name="clickUserNameTest" time="0.0">
    <ignored/>
  </testcase> <!-- clickUserNameTest -->
</testsuite> <!-- Default test -->
