<?xml version="1.0" encoding="UTF-8"?>
<testng-results ignored="3" total="4" passed="1" failed="0" skipped="0">
  <reporter-output>
  </reporter-output>
  <suite started-at="2022-12-29T01:38:59 EST" name="Default suite" finished-at="2022-12-29T01:39:10 EST" duration-ms="11782">
    <groups>
    </groups>
    <test started-at="2022-12-29T01:38:59 EST" name="Default test" finished-at="2022-12-29T01:39:10 EST" duration-ms="11782">
      <class name="test.HomePageTest">
        <test-method is-config="true" signature="setUp()[pri:0, instance:test.HomePageTest@12aba8be]" started-at="2022-12-29T01:38:59 EST" name="setUp" finished-at="2022-12-29T01:39:07 EST" duration-ms="8010" status="PASS">
          <reporter-output>
          </reporter-output>
        </test-method> <!-- setUp -->
        <test-method signature="clickLearningTest()[pri:3, instance:test.HomePageTest@12aba8be]" started-at="2022-12-29T01:39:07 EST" name="clickLearningTest" finished-at="2022-12-29T01:39:10 EST" duration-ms="3326" status="PASS">
          <reporter-output>
          </reporter-output>
        </test-method> <!-- clickLearningTest -->
        <test-method is-config="true" signature="tearUp()[pri:0, instance:test.HomePageTest@12aba8be]" started-at="2022-12-29T01:39:10 EST" name="tearUp" finished-at="2022-12-29T01:39:10 EST" duration-ms="373" status="PASS">
          <reporter-output>
          </reporter-output>
        </test-method> <!-- tearUp -->
      </class> <!-- test.HomePageTest -->
    </test> <!-- Default test -->
  </suite> <!-- Default suite -->
</testng-results>
